<?xml version="1.0" encoding="UTF-8"?>
<testsuite name="WordPuzzleTest" tests="4" skipped="0" failures="0" errors="0" timestamp="2016-04-22T20:31:10" hostname="Ashleys-MacBook-Pro-2.local" time="0.002">
  <properties/>
  <testcase name="convertWordPuzzle_returnWordWithVowels_String" classname="WordPuzzleTest" time="0.0"/>
  <testcase name="convertWordPuzzle_returnMultipleWordWithVowels_String" classname="WordPuzzleTest" time="0.0"/>
  <testcase name="convertWordPuzzle_returnWordWithoutVowels_String" classname="WordPuzzleTest" time="0.0"/>
  <testcase name="convertWordPuzzle_returnMultipleWordWithVowelsInLowerCase_String" classname="WordPuzzleTest" time="0.0"/>
  <system-out><![CDATA[]]></system-out>
  <system-err><![CDATA[]]></system-err>
</testsuite>
